2020-11-25 22:16:00|   0.0|  0.0|INFORM|FME 2019.0.2.0 (20190605 - Build 19260 - WIN64)
2020-11-25 22:16:00|   0.0|  0.0|INFORM|FME_HOME is 'C:\Program Files\FME\'
2020-11-25 22:16:00|   0.0|  0.0|INFORM|FME Home Edition (node locked-crc)
2020-11-25 22:16:00|   0.0|  0.0|INFORM|Serial Number: 0
2020-11-25 22:16:00|   0.0|  0.0|INFORM|Temporary License: 228 days left.
2020-11-25 22:16:00|   0.0|  0.0|INFORM|Machine host name is: LAPTOP-CC4CD30S
2020-11-25 22:16:00|   0.0|  0.0|INFORM|START - ProcessID: 19240, peak process memory usage: 31620 kB, current process memory usage: 31516 kB
2020-11-25 22:16:00|   0.0|  0.0|INFORM|FME Configuration: Command line arguments are `C:\Program Files\FME\fme.exe' `C:/py_art_me/project1\wb-xlate-1606338960165_25920' `LOG_STANDARDOUT' `YES' `LogCountServerName' `{fe11c6b8-d0cc-4532-8206-9200fb07479d}'
2020-11-25 22:16:00|   0.0|  0.0|INFORM|FME Configuration: Connection Storage: 'C:\Users\Aleks\AppData\Roaming\Safe Software\FME\'
2020-11-25 22:16:00|   0.1|  0.1|INFORM|Shared folders for formats are : C:\Program Files\FME\datasources;C:\Users\Aleks\Documents\FME\Formats
2020-11-25 22:16:00|   0.1|  0.0|INFORM|Shared folders for transformers are : C:\Users\Aleks\AppData\Roaming\Safe Software\FME\Packages\19260-win64\transformers;C:\Program Files\FME\transformers;C:\Users\Aleks\AppData\Roaming\Safe Software\FME\FME Store\Transformers
2020-11-25 22:16:00|   0.1|  0.0|INFORM|Shared folders for coordinate systems are : C:\Users\Aleks\Documents\FME\CoordinateSystems
2020-11-25 22:16:00|   0.1|  0.0|INFORM|Shared folders for coordinate system exceptions are : C:\Users\Aleks\Documents\FME\CoordinateSystemExceptions
2020-11-25 22:16:00|   0.1|  0.0|INFORM|Shared folders for coordinate system grid overrides are : C:\Users\Aleks\Documents\FME\CoordinateSystemGridOverrides
2020-11-25 22:16:00|   0.1|  0.0|INFORM|Shared folders for CS-MAP transformation exceptions are : C:\Users\Aleks\Documents\FME\CsmapTransformationExceptions
2020-11-25 22:16:00|   0.1|  0.0|INFORM|Shared folders for transformer categories are : C:\Users\Aleks\Documents\FME\TransformerCategories
2020-11-25 22:16:00|   0.1|  0.0|INFORM|FME Configuration: Reader Keyword is `MULTI_READER'
2020-11-25 22:16:00|   0.1|  0.0|INFORM|FME Configuration: Writer Keyword is `NULL_DEST'
2020-11-25 22:16:00|   0.1|  0.0|INFORM|FME Configuration: Writer Group Definition Keyword is `NULL_DEST_DEF'
2020-11-25 22:16:00|   0.1|  0.0|INFORM|FME Configuration: Reader type is `MULTI_READER'
2020-11-25 22:16:00|   0.1|  0.0|INFORM|FME Configuration: Writer type is `NULL'
2020-11-25 22:16:00|   0.1|  0.0|INFORM|FME Configuration: No destination coordinate system set
2020-11-25 22:16:00|   0.1|  0.0|INFORM|FME Configuration: Current working folder is `C:\py_art_me\project1'
2020-11-25 22:16:00|   0.1|  0.0|INFORM|FME Configuration: Temporary folder is `C:\Users\Aleks\AppData\Local\Temp', set from environment variable `TEMP'
2020-11-25 22:16:00|   0.1|  0.0|INFORM|FME Configuration: FME_HOME is `C:\Program Files\FME\'
2020-11-25 22:16:00|   0.1|  0.0|INFORM|FME Configuration: FME_BASE is 'no'
2020-11-25 22:16:00|   0.1|  0.0|INFORM|FME Configuration: FME_MF_DIR is 'C:\py_art_me\project1/'
2020-11-25 22:16:00|   0.1|  0.0|INFORM|FME Configuration: FME_MF_NAME is 'jpeg2aquarell.fmw'
2020-11-25 22:16:00|   0.1|  0.0|INFORM|FME Configuration: FME_PRODUCT_NAME is 'FME(R) 2019.0.2.0'
2020-11-25 22:16:00|   0.1|  0.0|INFORM|System Status: 27.14 GB of disk space available in the FME temporary folder (C:\Users\Aleks\AppData\Local\Temp)
2020-11-25 22:16:00|   0.1|  0.0|INFORM|System Status: 128.00 TB of virtual memory available
2020-11-25 22:16:00|   0.1|  0.0|INFORM|Operating System: Microsoft Windows 10 64-bit  (Build 19041)
2020-11-25 22:16:00|   0.1|  0.0|INFORM|FME Platform: WIN64
2020-11-25 22:16:00|   0.1|  0.0|INFORM|Locale: en_US
2020-11-25 22:16:00|   0.1|  0.0|INFORM|Code Page: 1252  (ANSI - Latin I)
2020-11-25 22:16:00|   0.1|  0.0|INFORM|FME Configuration: Process limit is 7.89 GB of physical memory
2020-11-25 22:16:00|   0.1|  0.0|INFORM|FME Configuration: Start freeing memory when process usage exceeds 23.67 GB of virtual memory
2020-11-25 22:16:00|   0.1|  0.0|INFORM|FME Configuration: Stop freeing memory when process usage is below 17.75 GB of virtual memory
2020-11-25 22:16:00|   0.2|  0.0|INFORM|Creating writer for format: NULL (Nothing)
2020-11-25 22:16:00|   0.2|  0.0|INFORM|Trying to find a DYNAMIC plugin for writer named `NULL'
2020-11-25 22:16:00|   0.2|  0.0|INFORM|Loaded module 'NULL' from file 'C:\Program Files\FME\plugins/NULL.dll'
2020-11-25 22:16:00|   0.2|  0.0|INFORM|FME API version of module 'NULL' matches current internal version (3.8 20181030)
2020-11-25 22:16:00|   0.2|  0.0|INFORM|Creating reader for format: 
2020-11-25 22:16:00|   0.2|  0.0|INFORM|MULTI_READER(MULTI_READER): Will fail with first member reader failure
2020-11-25 22:16:00|   0.2|  0.0|INFORM|Using Multi Reader with keyword `MULTI_READER' to read multiple datasets
2020-11-25 22:16:00|   0.2|  0.0|INFORM|FME API version of module 'NULL' matches current internal version (3.8 20181030)
2020-11-25 22:16:00|   0.2|  0.0|INFORM|FME API version of module 'NULL' matches current internal version (3.8 20181030)
2020-11-25 22:16:00|   0.2|  0.0|INFORM|Loaded module 'LogCount_func' from file 'C:\Program Files\FME\plugins/LogCount_func.dll'
2020-11-25 22:16:00|   0.2|  0.0|INFORM|FME API version of module 'LogCount_func' matches current internal version (3.8 20181030)
2020-11-25 22:16:00|   0.2|  0.0|INFORM|Loaded module 'PythonFactory' from file 'C:\Program Files\FME\plugins/PythonFactory.dll'
2020-11-25 22:16:00|   0.2|  0.0|INFORM|FME API version of module 'PythonFactory' matches current internal version (3.8 20181030)
2020-11-25 22:16:00|   0.2|  0.0|INFORM|Using Python interpreter from `C:\Program Files\FME\fmepython37\python37.dll' with PYTHONHOME `C:\Program Files\FME\fmepython37'
2020-11-25 22:16:00|   0.2|  0.0|INFORM|Python version 3.7 loaded successfully
2020-11-25 22:16:00|   0.2|  0.0|INFORM|Adding folder `C:\py_art_me\project1\' to the python path
2020-11-25 22:16:00|   0.3|  0.0|INFORM|Loaded module 'InspectorFactory' from file 'C:\Program Files\FME\plugins/InspectorFactory.dll'
2020-11-25 22:16:00|   0.3|  0.0|INFORM|FME API version of module 'InspectorFactory' matches current internal version (3.8 20181030)
2020-11-25 22:16:00|   0.3|  0.0|INFORM|Emptying factory pipeline
2020-11-25 22:16:00|   0.3|  0.0|STATS |Router and Unexpected Input Remover (RoutingFactory): Tested 0 input feature(s), wrote 0 output feature(s): 0 matched merge filters, 0 were routed to output, 0 could not be routed.
2020-11-25 22:16:00|   0.3|  0.0|STATS |Unexpected Input Remover Nuker (TeeFactory): Cloned 0 input feature(s) into 0 output feature(s)
2020-11-25 22:16:00|   0.3|  0.0|STATS |JPEG (JPEG_2) Splitter (TeeFactory): Cloned 0 input feature(s) into 0 output feature(s)
2020-11-25 22:16:00|   0.3|  0.0|STATS |Restoring 1 feature(s) from FME feature store file `C:\Users\Aleks\AppData\Local\Temp\wb-cache-jpeg2aquarell-EUiqEK\Main_CoordinateExtractor -1 19 fo 0 OUTPUT  1  edbeab4e659638a6610fc3e684dc3243adef94df.ffs'
2020-11-25 22:16:00|   0.3|  0.0|INFORM|123
2020-11-25 22:16:00|   0.3|  0.0|INFORM|<zip object at 0x0000000006AD6648>
2020-11-25 22:16:00|   0.3|  0.0|INFORM|[('229', '-291'), ('252', '-364'), ('313', '-409'), ('397', '-408'), ('454', '-367'), ('479', '-295'), ('457', '-217'), ('400', '-175'), ('315', '-172'), ('254', '-215'), ('245', '-238'), ('229', '-291')]
2020-11-25 22:16:00|   0.3|  0.0|INFORM|[(('229', '-291'), ('252', '-364')), (('252', '-364'), ('313', '-409')), (('313', '-409'), ('397', '-408')), (('397', '-408'), ('454', '-367')), (('454', '-367'), ('479', '-295')), (('479', '-295'), ('457', '-217')), (('457', '-217'), ('400', '-175')), (('400', '-175'), ('315', '-172')), (('315', '-172'), ('254', '-215')), (('254', '-215'), ('245', '-238')), (('245', '-238'), ('229', '-291')), (('229', '-291'), ('229', '-291'))]
2020-11-25 22:16:00|   0.3|  0.0|STATS |Storing feature(s) to FME feature store file `C:\Users\Aleks\AppData\Local\Temp\wb-cache-jpeg2aquarell-EUiqEK\Main_PythonCaller -1 26 fo 0 OUTPUT  0  b5ec2e337d454e6daf31e068e0b02fdd37a544fa.ffsupdating'
2020-11-25 22:16:00|   0.3|  0.0|STATS |Storing feature(s) to FME feature store file `C:\Users\Aleks\AppData\Local\Temp\wb-inspectors-upLynZ\inspector.ffs'
2020-11-25 22:16:00|   0.3|  0.0|INFORM|CoordinateExtractor_OUTPUT_-1_27_Player (RecorderFactory): Played back 1 feature(s) from file `C:\Users\Aleks\AppData\Local\Temp\wb-cache-jpeg2aquarell-EUiqEK\Main_CoordinateExtractor -1 19 fo 0 OUTPUT  1  edbeab4e659638a6610fc3e684dc3243adef94df.ffs'
2020-11-25 22:16:00|   0.3|  0.0|INFORM|Optional `close' method not present; not called
2020-11-25 22:16:00|   0.3|  0.0|STATS |PythonCaller_OUTPUT Feature Counter -1 28 (TeeFactory): Cloned 1 input feature(s) into 1 output feature(s)
2020-11-25 22:16:00|   0.3|  0.0|STATS |Stored 1 feature(s) to FME feature store file `C:\Users\Aleks\AppData\Local\Temp\wb-cache-jpeg2aquarell-EUiqEK\Main_PythonCaller -1 26 fo 0 OUTPUT  0  b5ec2e337d454e6daf31e068e0b02fdd37a544fa.ffsupdating'
2020-11-25 22:16:00|   0.3|  0.0|INFORM|Saving spatial index into file 'C:\Users\Aleks\AppData\Local\Temp\wb-cache-jpeg2aquarell-EUiqEK\Main_PythonCaller -1 26 fo 0 OUTPUT  0  b5ec2e337d454e6daf31e068e0b02fdd37a544fa.fsi'
2020-11-25 22:16:00|   0.3|  0.0|INFORM|Finished saving spatial index into file 'C:\Users\Aleks\AppData\Local\Temp\wb-cache-jpeg2aquarell-EUiqEK\Main_PythonCaller -1 26 fo 0 OUTPUT  0  b5ec2e337d454e6daf31e068e0b02fdd37a544fa.fsi'
2020-11-25 22:16:00|   0.3|  0.0|STATS |Stored 1 feature(s) to FME feature store file `C:\Users\Aleks\AppData\Local\Temp\wb-inspectors-upLynZ\inspector.ffs'
2020-11-25 22:16:00|   0.3|  0.0|INFORM|Saving spatial index into file 'C:\Users\Aleks\AppData\Local\Temp\wb-inspectors-upLynZ\inspector.fsi'
2020-11-25 22:16:00|   0.3|  0.0|INFORM|Finished saving spatial index into file 'C:\Users\Aleks\AppData\Local\Temp\wb-inspectors-upLynZ\inspector.fsi'
2020-11-25 22:16:00|   0.3|  0.0|STATS |Destination Feature Type Routing Correlator (RoutingFactory): Tested 0 input feature(s), wrote 0 output feature(s): 0 matched merge filters, 0 were routed to output, 0 could not be routed.
2020-11-25 22:16:00|   0.3|  0.0|STATS |Final Output Nuker (TeeFactory): Cloned 0 input feature(s) into 0 output feature(s)
2020-11-25 22:16:00|   0.3|  0.0|STATS |VisualizerProcessor (CreationFactory): Created 1 features
2020-11-25 22:16:00|   0.3|  0.0|STATS |VisualizerCleaner (TeeFactory): Cloned 1 input feature(s) into 0 output feature(s)
2020-11-25 22:16:00|   0.3|  0.0|STATS |=-=-=-=-=-=-=-=-=-=-=-=-=-=-=-=-=-=-=-=-=-=-=-=-=-=-=-=-=-=-=-=-=-=-=-=-=-=-=-
2020-11-25 22:16:00|   0.3|  0.0|STATS |                            Features Read Summary
2020-11-25 22:16:00|   0.3|  0.0|STATS |=-=-=-=-=-=-=-=-=-=-=-=-=-=-=-=-=-=-=-=-=-=-=-=-=-=-=-=-=-=-=-=-=-=-=-=-=-=-=-
2020-11-25 22:16:00|   0.3|  0.0|STATS |==============================================================================
2020-11-25 22:16:00|   0.3|  0.0|STATS |Total Features Read                                                          0
2020-11-25 22:16:00|   0.3|  0.0|STATS |=-=-=-=-=-=-=-=-=-=-=-=-=-=-=-=-=-=-=-=-=-=-=-=-=-=-=-=-=-=-=-=-=-=-=-=-=-=-=-
2020-11-25 22:16:00|   0.3|  0.0|STATS |=-=-=-=-=-=-=-=-=-=-=-=-=-=-=-=-=-=-=-=-=-=-=-=-=-=-=-=-=-=-=-=-=-=-=-=-=-=-=-
2020-11-25 22:16:00|   0.3|  0.0|STATS |                           Features Written Summary
2020-11-25 22:16:00|   0.3|  0.0|STATS |=-=-=-=-=-=-=-=-=-=-=-=-=-=-=-=-=-=-=-=-=-=-=-=-=-=-=-=-=-=-=-=-=-=-=-=-=-=-=-
2020-11-25 22:16:00|   0.3|  0.0|STATS |==============================================================================
2020-11-25 22:16:00|   0.3|  0.0|STATS |Total Features Written                                                       0
2020-11-25 22:16:00|   0.3|  0.0|STATS |=-=-=-=-=-=-=-=-=-=-=-=-=-=-=-=-=-=-=-=-=-=-=-=-=-=-=-=-=-=-=-=-=-=-=-=-=-=-=-
2020-11-25 22:16:00|   0.3|  0.0|WARN  |-~-~-~-~-~-~-~-~-~-~-~-~-~-~-~-~-~-~-~-~-~-~-~-~-~-~-~-~-~-~-~-~-~-~-~-~-~-~-~-~-
2020-11-25 22:16:00|   0.3|  0.0|WARN  |-~                                                                             ~-
2020-11-25 22:16:00|   0.3|  0.0|WARN  |-~    Feature caches have been recorded at every stage of the translation.     ~-
2020-11-25 22:16:00|   0.3|  0.0|WARN  |-~                      To inspect the recorded features,                      ~-
2020-11-25 22:16:00|   0.3|  0.0|WARN  |-~              click the feature cache icons next to the ports.               ~-
2020-11-25 22:16:00|   0.3|  0.0|WARN  |-~                                                                             ~-
2020-11-25 22:16:00|   0.3|  0.0|WARN  |-~-~-~-~-~-~-~-~-~-~-~-~-~-~-~-~-~-~-~-~-~-~-~-~-~-~-~-~-~-~-~-~-~-~-~-~-~-~-~-~-
2020-11-25 22:16:00|   0.3|  0.0|INFORM|Translation was SUCCESSFUL with 7 warning(s) (0 feature(s) output)
2020-11-25 22:16:00|   0.3|  0.0|INFORM|FME Session Duration: 0.3 seconds. (CPU: 0.1s user, 0.1s system)
2020-11-25 22:16:00|   0.3|  0.0|INFORM|END - ProcessID: 19240, peak process memory usage: 51292 kB, current process memory usage: 51292 kB
