2021-06-12 22:49:36|   0.0|  0.0|INFORM|FME 2019.0.2.0 (20190605 - Build 19260 - WIN64)
2021-06-12 22:49:36|   0.1|  0.0|INFORM|FME_HOME is 'C:\Program Files\FME\'
2021-06-12 22:49:36|   0.1|  0.0|INFORM|FME Home Edition (node locked-crc)
2021-06-12 22:49:36|   0.1|  0.0|INFORM|Serial Number: 0
2021-06-12 22:49:36|   0.1|  0.0|INFORM|Temporary License: 29 days left.
2021-06-12 22:49:36|   0.1|  0.0|INFORM|Machine host name is: LAPTOP-CC4CD30S
2021-06-12 22:49:36|   0.1|  0.0|INFORM|START - ProcessID: 17476, peak process memory usage: 32088 kB, current process memory usage: 31976 kB
2021-06-12 22:49:36|   0.1|  0.0|INFORM|FME Configuration: Command line arguments are `C:\Program Files\FME\fme.exe' `C:/py_art_me/project5_unknown_pleasures\wb-xlate-1623530974151_2696' `LOG_STANDARDOUT' `YES' `LogCountServerName' `{bf596ad1-d506-4967-8d3a-53536faf76e1}'
2021-06-12 22:49:36|   0.1|  0.0|INFORM|FME Configuration: Connection Storage: 'C:\Users\Aleks\AppData\Roaming\Safe Software\FME\'
2021-06-12 22:49:36|   0.2|  0.1|INFORM|Shared folders for formats are : C:\Program Files\FME\datasources;C:\Users\Aleks\Documents\FME\Formats
2021-06-12 22:49:36|   0.2|  0.0|INFORM|Shared folders for transformers are : C:\Users\Aleks\AppData\Roaming\Safe Software\FME\Packages\19260-win64\transformers;C:\Program Files\FME\transformers;C:\Users\Aleks\AppData\Roaming\Safe Software\FME\FME Store\Transformers
2021-06-12 22:49:36|   0.2|  0.0|INFORM|Shared folders for coordinate systems are : C:\Users\Aleks\Documents\FME\CoordinateSystems
2021-06-12 22:49:36|   0.2|  0.0|INFORM|Shared folders for coordinate system exceptions are : C:\Users\Aleks\Documents\FME\CoordinateSystemExceptions
2021-06-12 22:49:36|   0.2|  0.0|INFORM|Shared folders for coordinate system grid overrides are : C:\Users\Aleks\Documents\FME\CoordinateSystemGridOverrides
2021-06-12 22:49:36|   0.2|  0.0|INFORM|Shared folders for CS-MAP transformation exceptions are : C:\Users\Aleks\Documents\FME\CsmapTransformationExceptions
2021-06-12 22:49:36|   0.2|  0.0|INFORM|Shared folders for transformer categories are : C:\Users\Aleks\Documents\FME\TransformerCategories
2021-06-12 22:49:36|   0.2|  0.0|INFORM|FME Configuration: Reader Keyword is `MULTI_READER'
2021-06-12 22:49:36|   0.2|  0.0|INFORM|FME Configuration: Writer Keyword is `NULL_DEST'
2021-06-12 22:49:36|   0.2|  0.0|INFORM|FME Configuration: Writer Group Definition Keyword is `NULL_DEST_DEF'
2021-06-12 22:49:36|   0.2|  0.0|INFORM|FME Configuration: Reader type is `MULTI_READER'
2021-06-12 22:49:36|   0.2|  0.0|INFORM|FME Configuration: Writer type is `NULL'
2021-06-12 22:49:36|   0.2|  0.0|INFORM|FME Configuration: No destination coordinate system set
2021-06-12 22:49:36|   0.2|  0.0|INFORM|FME Configuration: Current working folder is `C:\py_art_me\project5_unknown_pleasures'
2021-06-12 22:49:36|   0.2|  0.0|INFORM|FME Configuration: Temporary folder is `C:\Users\Aleks\AppData\Local\Temp', set from environment variable `TEMP'
2021-06-12 22:49:36|   0.2|  0.0|INFORM|FME Configuration: FME_HOME is `C:\Program Files\FME\'
2021-06-12 22:49:36|   0.2|  0.0|INFORM|FME Configuration: FME_BASE is 'no'
2021-06-12 22:49:36|   0.3|  0.0|INFORM|FME Configuration: FME_MF_DIR is 'C:\py_art_me\project5_unknown_pleasures/'
2021-06-12 22:49:36|   0.3|  0.0|INFORM|FME Configuration: FME_MF_NAME is 'geotiff2none.fmw'
2021-06-12 22:49:36|   0.3|  0.0|INFORM|FME Configuration: FME_PRODUCT_NAME is 'FME(R) 2019.0.2.0'
2021-06-12 22:49:36|   0.3|  0.0|INFORM|System Status: 16.67 GB of disk space available in the FME temporary folder (C:\Users\Aleks\AppData\Local\Temp)
2021-06-12 22:49:36|   0.3|  0.0|INFORM|System Status: 128.00 TB of virtual memory available
2021-06-12 22:49:36|   0.3|  0.0|INFORM|Operating System: Microsoft Windows 10 64-bit  (Build 19041)
2021-06-12 22:49:36|   0.3|  0.0|INFORM|FME Platform: WIN64
2021-06-12 22:49:36|   0.3|  0.0|INFORM|Locale: en_US
2021-06-12 22:49:36|   0.3|  0.0|INFORM|Code Page: 1252  (ANSI - Latin I)
2021-06-12 22:49:36|   0.3|  0.0|INFORM|FME Configuration: Process limit is 7.89 GB of physical memory
2021-06-12 22:49:36|   0.3|  0.0|INFORM|FME Configuration: Start freeing memory when process usage exceeds 23.67 GB of virtual memory
2021-06-12 22:49:36|   0.3|  0.0|INFORM|FME Configuration: Stop freeing memory when process usage is below 17.75 GB of virtual memory
2021-06-12 22:49:36|   0.3|  0.0|INFORM|Creating writer for format: NULL (Nothing)
2021-06-12 22:49:36|   0.4|  0.0|INFORM|Trying to find a DYNAMIC plugin for writer named `NULL'
2021-06-12 22:49:37|   0.4|  0.1|INFORM|Loaded module 'NULL' from file 'C:\Program Files\FME\plugins/NULL.dll'
2021-06-12 22:49:37|   0.4|  0.0|INFORM|FME API version of module 'NULL' matches current internal version (3.8 20181030)
2021-06-12 22:49:37|   0.4|  0.0|INFORM|Creating reader for format: 
2021-06-12 22:49:37|   0.4|  0.0|INFORM|MULTI_READER(MULTI_READER): Will fail with first member reader failure
2021-06-12 22:49:37|   0.4|  0.0|INFORM|MULTI_READER(MULTI_READER): Adding GEOTIFF Reader with keyword GEOTIFF_1
2021-06-12 22:49:37|   0.4|  0.0|INFORM|Using Multi Reader with keyword `MULTI_READER' to read multiple datasets
2021-06-12 22:49:37|   0.5|  0.1|INFORM|Creating reader for format: GeoTIFF (Geo-referenced Tagged Image File Format)
2021-06-12 22:49:37|   0.5|  0.0|INFORM|Trying to find a DYNAMIC plugin for reader named `GEOTIFF'
2021-06-12 22:49:38|   0.6|  0.0|INFORM|Loaded module 'GEOTIFF' from file 'C:\Program Files\FME\plugins/gdal/GDAL.dll'
2021-06-12 22:49:38|   0.6|  0.0|INFORM|FME API version of module 'GEOTIFF' matches current internal version (3.8 20181030)
2021-06-12 22:49:38|   0.6|  0.0|INFORM|GEOTIFF reader: Directive '_READ_OFFSETS_IN_CS_UNITS' has the value 'No'
2021-06-12 22:49:38|   0.6|  0.0|INFORM|GEOTIFF reader: Opening file 'C:\py_art_me\project5_unknown_pleasures\hillshade1x1\hillshade1x1.tif'
2021-06-12 22:49:38|   0.6|  0.0|WARN  |GEOTIFF reader: `C:\py_art_me\project5_unknown_pleasures\hillshade1x1\hillshade1x1.aux' exists but could not be opened. File contents may be invalid, or the file format may not be supported
2021-06-12 22:49:38|   0.6|  0.0|INFORM|FME API version of module 'NULL' matches current internal version (3.8 20181030)
2021-06-12 22:49:38|   0.6|  0.0|INFORM|FME API version of module 'NULL' matches current internal version (3.8 20181030)
2021-06-12 22:49:38|   0.6|  0.0|INFORM|Loaded module 'LogCount_func' from file 'C:\Program Files\FME\plugins/LogCount_func.dll'
2021-06-12 22:49:38|   0.6|  0.0|INFORM|FME API version of module 'LogCount_func' matches current internal version (3.8 20181030)
2021-06-12 22:49:38|   0.6|  0.0|INFORM|Loaded module 'InspectorFactory' from file 'C:\Program Files\FME\plugins/InspectorFactory.dll'
2021-06-12 22:49:38|   0.6|  0.0|INFORM|FME API version of module 'InspectorFactory' matches current internal version (3.8 20181030)
2021-06-12 22:49:38|   0.6|  0.0|WARN  |GEOTIFF reader: `C:\py_art_me\project5_unknown_pleasures\hillshade1x1\hillshade1x1.aux' exists but could not be opened. File contents may be invalid, or the file format may not be supported
2021-06-12 22:49:38|   0.7|  0.0|WARN  |GEOTIFF reader: `C:\py_art_me\project5_unknown_pleasures\hillshade1x1\hillshade1x1.aux' exists but could not be opened. File contents may be invalid, or the file format may not be supported
2021-06-12 22:49:38|   0.7|  0.0|INFORM|GEOTIFF reader: Directive '_APPLY_GCPS' has the value 'NO'
2021-06-12 22:49:38|   0.7|  0.0|INFORM|Predefined coordinate system `NonEarth_Meter' () matches dataset coordinate system 
2021-06-12 22:49:38|   0.7|  0.0|INFORM|The OGC definition of the FME coordinate system 'NonEarth_Meter' is 'LOCAL_CS["Geocoding information not available Projection Name = User_Defined_Lambert_Azimuthal_Equal_Area Units = meters GeoTIFF Units = meters",UNIT["metre",1,AUTHORITY["EPSG","9001"]]]'
2021-06-12 22:49:38|   0.7|  0.0|INFORM|FME Configuration: Source coordinate system for reader GEOTIFF_1[GEOTIFF] set to `NonEarth_Meter' as read from input data
2021-06-12 22:49:38|   0.7|  0.0|INFORM|Coordinate System `NonEarth_Meter' parameters: CS_NAME=`NonEarth_Meter' PROJ=`NERTH' QUAD=`1' UNIT=`METER' 
2021-06-12 22:49:38|   0.7|  0.0|STATS |Storing feature(s) to FME feature store file `C:\Users\Aleks\AppData\Local\Temp\wb-cache-geotiff2none-ajsand\Main_GEOTIFF -1 2 -1  0  53f7086de7db330e7b3870336e0c7534b0dd6195.ffsupdating'
2021-06-12 22:49:38|   0.7|  0.0|WARN  |GEOTIFF reader: `C:\py_art_me\project5_unknown_pleasures\hillshade1x1\hillshade1x1.aux' exists but could not be opened. File contents may be invalid, or the file format may not be supported
2021-06-12 22:49:39|   1.1|  0.5|STATS |Storing feature(s) to FME feature store file `C:\Users\Aleks\AppData\Local\Temp\wb-inspectors-RnlKeN\inspector.ffs'
2021-06-12 22:49:39|   1.4|  0.2|INFORM|MULTI_READER(MULTI_READER): Done reading 1 features from 1 readers
2021-06-12 22:49:39|   1.4|  0.0|INFORM|Emptying factory pipeline
2021-06-12 22:49:39|   1.4|  0.0|STATS |Router and Unexpected Input Remover (RoutingFactory): Tested 1 input feature(s), wrote 1 output feature(s): 1 matched merge filters, 1 were routed to output, 0 could not be routed.
2021-06-12 22:49:39|   1.4|  0.0|STATS |Unexpected Input Remover Nuker (TeeFactory): Cloned 0 input feature(s) into 0 output feature(s)
2021-06-12 22:49:39|   1.4|  0.0|STATS |GEOTIFF (GEOTIFF_1) Splitter (TeeFactory): Cloned 1 input feature(s) into 1 output feature(s)
2021-06-12 22:49:39|   1.4|  0.0|STATS |GEOTIFF_GEOTIFF_1 Feature Counter -1 4 (TeeFactory): Cloned 1 input feature(s) into 1 output feature(s)
2021-06-12 22:49:39|   1.4|  0.0|STATS |Stored 1 feature(s) to FME feature store file `C:\Users\Aleks\AppData\Local\Temp\wb-cache-geotiff2none-ajsand\Main_GEOTIFF -1 2 -1  0  53f7086de7db330e7b3870336e0c7534b0dd6195.ffsupdating'
2021-06-12 22:49:39|   1.5|  0.0|INFORM|Saving spatial index into file 'C:\Users\Aleks\AppData\Local\Temp\wb-cache-geotiff2none-ajsand\Main_GEOTIFF -1 2 -1  0  53f7086de7db330e7b3870336e0c7534b0dd6195.fsi'
2021-06-12 22:49:39|   1.5|  0.0|INFORM|Finished saving spatial index into file 'C:\Users\Aleks\AppData\Local\Temp\wb-cache-geotiff2none-ajsand\Main_GEOTIFF -1 2 -1  0  53f7086de7db330e7b3870336e0c7534b0dd6195.fsi'
2021-06-12 22:49:39|   1.5|  0.0|STATS |Stored 1 feature(s) to FME feature store file `C:\Users\Aleks\AppData\Local\Temp\wb-inspectors-RnlKeN\inspector.ffs'
2021-06-12 22:49:39|   1.5|  0.0|INFORM|Saving spatial index into file 'C:\Users\Aleks\AppData\Local\Temp\wb-inspectors-RnlKeN\inspector.fsi'
2021-06-12 22:49:39|   1.6|  0.0|INFORM|Finished saving spatial index into file 'C:\Users\Aleks\AppData\Local\Temp\wb-inspectors-RnlKeN\inspector.fsi'
2021-06-12 22:49:39|   1.6|  0.0|STATS |Destination Feature Type Routing Correlator (RoutingFactory): Tested 0 input feature(s), wrote 0 output feature(s): 0 matched merge filters, 0 were routed to output, 0 could not be routed.
2021-06-12 22:49:39|   1.6|  0.0|STATS |Final Output Nuker (TeeFactory): Cloned 0 input feature(s) into 0 output feature(s)
2021-06-12 22:49:39|   1.7|  0.0|STATS |VisualizerProcessor (CreationFactory): Created 1 features
2021-06-12 22:49:39|   1.7|  0.0|STATS |VisualizerCleaner (TeeFactory): Cloned 1 input feature(s) into 0 output feature(s)
2021-06-12 22:49:40|   1.7|  0.1|STATS |=-=-=-=-=-=-=-=-=-=-=-=-=-=-=-=-=-=-=-=-=-=-=-=-=-=-=-=-=-=-=-=-=-=-=-=-=-=-=-
2021-06-12 22:49:40|   1.8|  0.0|STATS |                            Features Read Summary
2021-06-12 22:49:40|   1.8|  0.0|STATS |=-=-=-=-=-=-=-=-=-=-=-=-=-=-=-=-=-=-=-=-=-=-=-=-=-=-=-=-=-=-=-=-=-=-=-=-=-=-=-
2021-06-12 22:49:40|   1.8|  0.0|STATS |GEOTIFF                                                                      1
2021-06-12 22:49:40|   1.8|  0.0|STATS |==============================================================================
2021-06-12 22:49:40|   1.8|  0.0|STATS |Total Features Read                                                          1
2021-06-12 22:49:40|   1.9|  0.0|STATS |=-=-=-=-=-=-=-=-=-=-=-=-=-=-=-=-=-=-=-=-=-=-=-=-=-=-=-=-=-=-=-=-=-=-=-=-=-=-=-
2021-06-12 22:49:40|   1.9|  0.0|STATS |=-=-=-=-=-=-=-=-=-=-=-=-=-=-=-=-=-=-=-=-=-=-=-=-=-=-=-=-=-=-=-=-=-=-=-=-=-=-=-
2021-06-12 22:49:40|   1.9|  0.0|STATS |                           Features Written Summary
2021-06-12 22:49:40|   1.9|  0.0|STATS |=-=-=-=-=-=-=-=-=-=-=-=-=-=-=-=-=-=-=-=-=-=-=-=-=-=-=-=-=-=-=-=-=-=-=-=-=-=-=-
2021-06-12 22:49:40|   1.9|  0.0|STATS |==============================================================================
2021-06-12 22:49:40|   2.0|  0.0|STATS |Total Features Written                                                       0
2021-06-12 22:49:40|   2.0|  0.0|STATS |=-=-=-=-=-=-=-=-=-=-=-=-=-=-=-=-=-=-=-=-=-=-=-=-=-=-=-=-=-=-=-=-=-=-=-=-=-=-=-
2021-06-12 22:49:40|   2.0|  0.0|WARN  |-~-~-~-~-~-~-~-~-~-~-~-~-~-~-~-~-~-~-~-~-~-~-~-~-~-~-~-~-~-~-~-~-~-~-~-~-~-~-~-~-
2021-06-12 22:49:40|   2.0|  0.0|WARN  |-~                                                                             ~-
2021-06-12 22:49:40|   2.0|  0.0|WARN  |-~    Feature caches have been recorded at every stage of the translation.     ~-
2021-06-12 22:49:40|   2.1|  0.0|WARN  |-~                      To inspect the recorded features,                      ~-
2021-06-12 22:49:40|   2.1|  0.0|WARN  |-~              click the feature cache icons next to the ports.               ~-
2021-06-12 22:49:40|   2.1|  0.0|WARN  |-~                                                                             ~-
2021-06-12 22:49:40|   2.1|  0.0|WARN  |-~-~-~-~-~-~-~-~-~-~-~-~-~-~-~-~-~-~-~-~-~-~-~-~-~-~-~-~-~-~-~-~-~-~-~-~-~-~-~-~-
2021-06-12 22:49:40|   2.2|  0.0|INFORM|Translation was SUCCESSFUL with 11 warning(s) (0 feature(s) output)
2021-06-12 22:49:40|   2.2|  0.0|INFORM|FME Session Duration: 4.2 seconds. (CPU: 0.3s user, 1.7s system)
2021-06-12 22:49:40|   2.2|  0.0|INFORM|END - ProcessID: 17476, peak process memory usage: 94016 kB, current process memory usage: 47456 kB
